10/18/2018 05:54:41 PM, lab4.log opens. Program starts.
10/18/2018 07:48:28 PM, lab4.log opens. Program starts.
10/18/2018 07:58:16 PM, lab4.log opens. Program starts.
10/18/2018 07:58:31 PM, lab4.log opens. Program starts.
10/18/2018 08:02:17 PM, lab4.log opens. Program starts.
10/18/2018 08:02:38 PM, lab4.log opens. Program starts.
10/18/2018 09:12:44 PM, lab4.log opens. Program starts.
10/18/2018 09:13:07 PM, lab4.log opens. Program starts.
10/18/2018 09:13:39 PM, lab4.log opens. Program starts.
10/18/2018 09:16:17 PM, lab4.log opens. Program starts.
10/18/2018 09:16:27 PM, lab4.log opens. Program starts.
10/18/2018 09:19:49 PM, lab4.log opens. Program starts.
10/18/2018 09:19:52 PM, lab4.log opens. Program starts.
10/18/2018 09:20:08 PM, lab4.log opens. Program starts.
10/18/2018 09:23:22 PM, lab4.log opens. Program starts.
10/18/2018 09:23:26 PM, lab4.log opens. Program starts.
10/18/2018 09:23:49 PM, lab4.log opens. Program starts.
10/18/2018 09:23:56 PM, lab4.log opens. Program starts.
10/18/2018 09:24:05 PM, lab4.log opens. Program starts.
10/18/2018 09:24:33 PM, lab4.log opens. Program starts.
10/18/2018 09:24:58 PM, lab4.log opens. Program starts.
10/18/2018 09:25:02 PM, lab4.log opens. Program starts.
10/18/2018 09:29:48 PM, lab4.log opens. Program starts.
10/18/2018 09:29:54 PM, lab4.log opens. Program starts.
10/18/2018 09:30:03 PM, lab4.log opens. Program starts.
10/18/2018 09:32:23 PM, lab4.log opens. Program starts.
10/18/2018 09:34:37 PM, lab4.log opens. Program starts.
10/18/2018 09:36:43 PM, lab4.log opens. Program starts.
10/18/2018 09:36:47 PM, lab4.log opens. Program starts.
10/18/2018 09:37:34 PM, lab4.log opens. Program starts.
10/18/2018 09:37:45 PM, lab4.log opens. Program starts.
10/18/2018 09:37:53 PM, lab4.log opens. Program starts.
10/18/2018 09:42:00 PM, lab4.log opens. Program starts.
10/18/2018 09:42:07 PM, lab4.log opens. Program starts.
10/18/2018 09:44:03 PM, lab4.log opens. Program starts.
10/18/2018 09:44:11 PM, lab4.log opens. Program starts.
10/18/2018 09:44:26 PM, lab4.log opens. Program starts.
10/18/2018 09:44:34 PM, lab4.log opens. Program starts.
10/18/2018 09:44:50 PM, lab4.log opens. Program starts.
10/18/2018 09:44:54 PM, lab4.log opens. Program starts.
10/18/2018 09:45:03 PM, lab4.log opens. Program starts.
10/18/2018 09:45:10 PM, lab4.log opens. Program starts.
10/18/2018 09:45:26 PM, lab4.log opens. Program starts.
10/18/2018 09:46:08 PM, lab4.log opens. Program starts.
10/18/2018 09:46:52 PM, lab4.log opens. Program starts.
10/18/2018 09:47:02 PM, lab4.log opens. Program starts.
10/18/2018 09:47:16 PM, lab4.log opens. Program starts.
10/18/2018 09:47:21 PM, lab4.log opens. Program starts.
10/18/2018 09:47:28 PM, lab4.log opens. Program starts.
10/18/2018 09:47:41 PM, lab4.log opens. Program starts.
10/18/2018 09:48:05 PM, lab4.log opens. Program starts.
10/18/2018 09:48:15 PM, lab4.log opens. Program starts.
10/18/2018 09:48:23 PM, lab4.log opens. Program starts.
10/18/2018 09:48:45 PM, lab4.log opens. Program starts.
10/18/2018 09:51:57 PM, lab4.log opens. Program starts.
10/18/2018 09:54:17 PM, lab4.log opens. Program starts.
10/18/2018 09:54:29 PM, lab4.log opens. Program starts.
10/18/2018 09:54:39 PM, lab4.log opens. Program starts.
10/18/2018 09:55:25 PM, lab4.log opens. Program starts.
10/18/2018 09:58:22 PM, lab4.log opens. Program starts.
10/18/2018 09:59:01 PM, lab4.log opens. Program starts.
10/18/2018 09:59:06 PM, lab4.log opens. Program starts.
10/18/2018 09:59:28 PM, lab4.log opens. Program starts.
10/18/2018 09:59:41 PM, lab4.log opens. Program starts.
10/18/2018 10:01:02 PM, lab4.log opens. Program starts.
10/18/2018 10:01:12 PM, lab4.log opens. Program starts.
10/18/2018 10:05:46 PM, lab4.log opens. Program starts.
10/18/2018 10:05:59 PM, lab4.log opens. Program starts.
10/18/2018 10:11:41 PM, lab4.log opens. Program starts.
10/18/2018 10:16:07 PM, lab4.log opens. Program starts.
10/18/2018 10:16:13 PM, lab4.log opens. Program starts.
10/18/2018 10:16:41 PM, lab4.log opens. Program starts.
10/18/2018 10:17:00 PM, lab4.log opens. Program starts.
10/18/2018 10:19:47 PM, lab4.log opens. Program starts.
10/18/2018 10:19:51 PM, lab4.log opens. Program starts.
10/18/2018 10:20:28 PM, lab4.log opens. Program starts.
10/18/2018 10:20:38 PM, lab4.log opens. Program starts.
10/18/2018 10:23:07 PM, lab4.log opens. Program starts.
10/18/2018 10:23:16 PM, lab4.log opens. Program starts.
10/18/2018 10:23:31 PM, lab4.log opens. Program starts.
10/18/2018 10:23:45 PM, lab4.log opens. Program starts.
10/18/2018 10:24:01 PM, lab4.log opens. Program starts.
10/18/2018 10:25:33 PM, lab4.log opens. Program starts.
10/18/2018 10:25:33 PM,getPoster() method is called
10/18/2018 10:25:33 PM,Poster's name: Avatar
10/18/2018 10:25:33 PM,Poster's URL https://images-na.ssl-images-amazon.com/images/M/MV5BMTYwOTEwNjAzMl5BMl5BanBnXkFtZTcwODc5MTUwMw@@._V1_SX300.jpg
10/18/2018 10:26:32 PM, lab4.log opens. Program starts.
10/18/2018 10:26:32 PM,getPoster() method is called
10/18/2018 10:26:32 PM,Poster's name: Avatar
10/18/2018 10:26:32 PM,Poster's URL https://images-na.ssl-images-amazon.com/images/M/MV5BMTYwOTEwNjAzMl5BMl5BanBnXkFtZTcwODc5MTUwMw@@._V1_SX300.jpg
10/18/2018 10:26:32 PM,getPoster() method is called
10/18/2018 10:26:32 PM,Poster's name: Clerks
10/18/2018 10:26:32 PM,Poster's URL https://ia.media-imdb.com/images/M/MV5BNzE1Njk0NmItNDhlMC00ZmFlLWI4ZTUtYTY4ZjgzNjkyMTU1XkEyXkFqcGdeQXVyMTQxNzMzNDI@._V1_SX300.jpg
10/18/2018 10:26:32 PM,getPoster() method is called
10/18/2018 10:26:32 PM,Poster's name: Gladiator
10/18/2018 10:26:32 PM,Poster's URL https://images-na.ssl-images-amazon.com/images/M/MV5BMDliMmNhNDEtODUyOS00MjNlLTgxODEtN2U3NzIxMGVkZTA1L2ltYWdlXkEyXkFqcGdeQXVyNjU0OTQ0OTY@._V1_SX300.jpg
10/18/2018 10:26:32 PM,getPoster() method is called
10/18/2018 10:26:32 PM,Poster's name: Iron Man
10/18/2018 10:26:32 PM,Poster's URL https://images-na.ssl-images-amazon.com/images/M/MV5BMTczNTI2ODUwOF5BMl5BanBnXkFtZTcwMTU0NTIzMw@@._V1_SX300.jpg
10/18/2018 10:26:40 PM, lab4.log opens. Program starts.
10/18/2018 10:26:40 PM,getPoster() method is called
10/18/2018 10:26:40 PM,Poster's name: Avatar
10/18/2018 10:26:40 PM,Poster's URL https://images-na.ssl-images-amazon.com/images/M/MV5BMTYwOTEwNjAzMl5BMl5BanBnXkFtZTcwODc5MTUwMw@@._V1_SX300.jpg
10/18/2018 10:26:40 PM,getPoster() method is called
10/18/2018 10:26:40 PM,Poster's name: Clerks
10/18/2018 10:26:40 PM,Poster's URL https://ia.media-imdb.com/images/M/MV5BNzE1Njk0NmItNDhlMC00ZmFlLWI4ZTUtYTY4ZjgzNjkyMTU1XkEyXkFqcGdeQXVyMTQxNzMzNDI@._V1_SX300.jpg
10/18/2018 10:26:40 PM,getPoster() method is called
10/18/2018 10:26:40 PM,Poster's name: Gladiator
10/18/2018 10:26:40 PM,Poster's URL https://images-na.ssl-images-amazon.com/images/M/MV5BMDliMmNhNDEtODUyOS00MjNlLTgxODEtN2U3NzIxMGVkZTA1L2ltYWdlXkEyXkFqcGdeQXVyNjU0OTQ0OTY@._V1_SX300.jpg
10/18/2018 10:26:40 PM,getPoster() method is called
10/18/2018 10:26:40 PM,Poster's name: Iron Man
10/18/2018 10:26:40 PM,Poster's URL https://images-na.ssl-images-amazon.com/images/M/MV5BMTczNTI2ODUwOF5BMl5BanBnXkFtZTcwMTU0NTIzMw@@._V1_SX300.jpg
10/18/2018 10:27:09 PM, lab4.log opens. Program starts.
10/18/2018 10:27:09 PM,getPoster() method is called
10/18/2018 10:27:09 PM,Poster's name: Avatar
10/18/2018 10:27:09 PM,Poster's URL https://images-na.ssl-images-amazon.com/images/M/MV5BMTYwOTEwNjAzMl5BMl5BanBnXkFtZTcwODc5MTUwMw@@._V1_SX300.jpg
10/18/2018 10:27:10 PM,getPoster() method is called
10/18/2018 10:27:10 PM,Poster's name: Clerks
10/18/2018 10:27:10 PM,Poster's URL https://ia.media-imdb.com/images/M/MV5BNzE1Njk0NmItNDhlMC00ZmFlLWI4ZTUtYTY4ZjgzNjkyMTU1XkEyXkFqcGdeQXVyMTQxNzMzNDI@._V1_SX300.jpg
10/18/2018 10:27:10 PM,getPoster() method is called
10/18/2018 10:27:10 PM,Poster's name: Gladiator
10/18/2018 10:27:10 PM,Poster's URL https://images-na.ssl-images-amazon.com/images/M/MV5BMDliMmNhNDEtODUyOS00MjNlLTgxODEtN2U3NzIxMGVkZTA1L2ltYWdlXkEyXkFqcGdeQXVyNjU0OTQ0OTY@._V1_SX300.jpg
10/18/2018 10:27:10 PM,getPoster() method is called
10/18/2018 10:27:10 PM,Poster's name: Iron Man
10/18/2018 10:27:10 PM,Poster's URL https://images-na.ssl-images-amazon.com/images/M/MV5BMTczNTI2ODUwOF5BMl5BanBnXkFtZTcwMTU0NTIzMw@@._V1_SX300.jpg
10/18/2018 10:27:28 PM, lab4.log opens. Program starts.
10/18/2018 10:27:28 PM,the directory Posters already exists
10/18/2018 10:27:28 PM,getPoster() method is called
10/18/2018 10:27:28 PM,Poster's name: Avatar
10/18/2018 10:27:28 PM,Poster's URL https://images-na.ssl-images-amazon.com/images/M/MV5BMTYwOTEwNjAzMl5BMl5BanBnXkFtZTcwODc5MTUwMw@@._V1_SX300.jpg
10/18/2018 10:27:28 PM,the directory Posters already exists
10/18/2018 10:27:28 PM,getPoster() method is called
10/18/2018 10:27:28 PM,Poster's name: Clerks
10/18/2018 10:27:28 PM,Poster's URL https://ia.media-imdb.com/images/M/MV5BNzE1Njk0NmItNDhlMC00ZmFlLWI4ZTUtYTY4ZjgzNjkyMTU1XkEyXkFqcGdeQXVyMTQxNzMzNDI@._V1_SX300.jpg
10/18/2018 10:27:28 PM,the directory Posters already exists
10/18/2018 10:27:28 PM,getPoster() method is called
10/18/2018 10:27:28 PM,Poster's name: Gladiator
10/18/2018 10:27:28 PM,Poster's URL https://images-na.ssl-images-amazon.com/images/M/MV5BMDliMmNhNDEtODUyOS00MjNlLTgxODEtN2U3NzIxMGVkZTA1L2ltYWdlXkEyXkFqcGdeQXVyNjU0OTQ0OTY@._V1_SX300.jpg
10/18/2018 10:27:28 PM,the directory Posters already exists
10/18/2018 10:27:28 PM,getPoster() method is called
10/18/2018 10:27:28 PM,Poster's name: Iron Man
10/18/2018 10:27:28 PM,Poster's URL https://images-na.ssl-images-amazon.com/images/M/MV5BMTczNTI2ODUwOF5BMl5BanBnXkFtZTcwMTU0NTIzMw@@._V1_SX300.jpg
10/18/2018 10:27:42 PM, lab4.log opens. Program starts.
10/18/2018 10:27:42 PM,the directory Posters already exists
10/18/2018 10:27:42 PM,getPoster() method is called
10/18/2018 10:27:42 PM,Poster's name: Avatar
10/18/2018 10:27:42 PM,Poster's URL https://images-na.ssl-images-amazon.com/images/M/MV5BMTYwOTEwNjAzMl5BMl5BanBnXkFtZTcwODc5MTUwMw@@._V1_SX300.jpg
10/18/2018 10:27:42 PM,the directory Posters already exists
10/18/2018 10:27:42 PM,getPoster() method is called
10/18/2018 10:27:42 PM,Poster's name: Clerks
10/18/2018 10:27:42 PM,Poster's URL https://ia.media-imdb.com/images/M/MV5BNzE1Njk0NmItNDhlMC00ZmFlLWI4ZTUtYTY4ZjgzNjkyMTU1XkEyXkFqcGdeQXVyMTQxNzMzNDI@._V1_SX300.jpg
10/18/2018 10:27:42 PM,the directory Posters already exists
10/18/2018 10:27:42 PM,getPoster() method is called
10/18/2018 10:27:42 PM,Poster's name: Gladiator
10/18/2018 10:27:42 PM,Poster's URL https://images-na.ssl-images-amazon.com/images/M/MV5BMDliMmNhNDEtODUyOS00MjNlLTgxODEtN2U3NzIxMGVkZTA1L2ltYWdlXkEyXkFqcGdeQXVyNjU0OTQ0OTY@._V1_SX300.jpg
10/18/2018 10:27:42 PM,the directory Posters already exists
10/18/2018 10:27:42 PM,getPoster() method is called
10/18/2018 10:27:42 PM,Poster's name: Iron Man
10/18/2018 10:27:42 PM,Poster's URL https://images-na.ssl-images-amazon.com/images/M/MV5BMTczNTI2ODUwOF5BMl5BanBnXkFtZTcwMTU0NTIzMw@@._V1_SX300.jpg
10/18/2018 10:28:12 PM, lab4.log opens. Program starts.
10/18/2018 10:28:12 PM, the directory Posters already exists
10/18/2018 10:28:12 PM, getPoster() method is called
10/18/2018 10:28:12 PM, Poster's name: Avatar
10/18/2018 10:28:12 PM, Poster's URL https://images-na.ssl-images-amazon.com/images/M/MV5BMTYwOTEwNjAzMl5BMl5BanBnXkFtZTcwODc5MTUwMw@@._V1_SX300.jpg
10/18/2018 10:28:12 PM, the directory Posters already exists
10/18/2018 10:28:12 PM, getPoster() method is called
10/18/2018 10:28:12 PM, Poster's name: Clerks
10/18/2018 10:28:12 PM, Poster's URL https://ia.media-imdb.com/images/M/MV5BNzE1Njk0NmItNDhlMC00ZmFlLWI4ZTUtYTY4ZjgzNjkyMTU1XkEyXkFqcGdeQXVyMTQxNzMzNDI@._V1_SX300.jpg
10/18/2018 10:28:13 PM, the directory Posters already exists
10/18/2018 10:28:13 PM, getPoster() method is called
10/18/2018 10:28:13 PM, Poster's name: Gladiator
10/18/2018 10:28:13 PM, Poster's URL https://images-na.ssl-images-amazon.com/images/M/MV5BMDliMmNhNDEtODUyOS00MjNlLTgxODEtN2U3NzIxMGVkZTA1L2ltYWdlXkEyXkFqcGdeQXVyNjU0OTQ0OTY@._V1_SX300.jpg
10/18/2018 10:28:13 PM, the directory Posters already exists
10/18/2018 10:28:13 PM, getPoster() method is called
10/18/2018 10:28:13 PM, Poster's name: Iron Man
10/18/2018 10:28:13 PM, Poster's URL https://images-na.ssl-images-amazon.com/images/M/MV5BMTczNTI2ODUwOF5BMl5BanBnXkFtZTcwMTU0NTIzMw@@._V1_SX300.jpg
10/18/2018 10:28:23 PM, lab4.log opens. Program starts.
10/18/2018 10:28:23 PM, the directory Posters already exists
10/18/2018 10:28:23 PM, getPoster() method is called
10/18/2018 10:28:23 PM, Poster's name: Avatar
10/18/2018 10:28:23 PM, Poster's URL https://images-na.ssl-images-amazon.com/images/M/MV5BMTYwOTEwNjAzMl5BMl5BanBnXkFtZTcwODc5MTUwMw@@._V1_SX300.jpg
10/18/2018 10:28:23 PM, the directory Posters already exists
10/18/2018 10:28:23 PM, getPoster() method is called
10/18/2018 10:28:23 PM, Poster's name: Clerks
10/18/2018 10:28:23 PM, Poster's URL https://ia.media-imdb.com/images/M/MV5BNzE1Njk0NmItNDhlMC00ZmFlLWI4ZTUtYTY4ZjgzNjkyMTU1XkEyXkFqcGdeQXVyMTQxNzMzNDI@._V1_SX300.jpg
10/18/2018 10:28:23 PM, the directory Posters already exists
10/18/2018 10:28:23 PM, getPoster() method is called
10/18/2018 10:28:23 PM, Poster's name: Gladiator
10/18/2018 10:28:23 PM, Poster's URL https://images-na.ssl-images-amazon.com/images/M/MV5BMDliMmNhNDEtODUyOS00MjNlLTgxODEtN2U3NzIxMGVkZTA1L2ltYWdlXkEyXkFqcGdeQXVyNjU0OTQ0OTY@._V1_SX300.jpg
10/18/2018 10:28:23 PM, the directory Posters already exists
10/18/2018 10:28:23 PM, getPoster() method is called
10/18/2018 10:28:23 PM, Poster's name: Iron Man
10/18/2018 10:28:23 PM, Poster's URL https://images-na.ssl-images-amazon.com/images/M/MV5BMTczNTI2ODUwOF5BMl5BanBnXkFtZTcwMTU0NTIzMw@@._V1_SX300.jpg
10/18/2018 10:31:02 PM, lab4.log opens. Program starts.
10/18/2018 10:31:02 PM, the directory Posters already exists
10/18/2018 10:31:02 PM, getPoster() method is called
10/18/2018 10:31:02 PM, Poster's name: Avatar
10/18/2018 10:31:02 PM, Poster's URL https://images-na.ssl-images-amazon.com/images/M/MV5BMTYwOTEwNjAzMl5BMl5BanBnXkFtZTcwODc5MTUwMw@@._V1_SX300.jpg
10/18/2018 10:31:02 PM,None
Traceback (most recent call last):
  File "/Library/Frameworks/Python.framework/Versions/3.7/lib/python3.7/urllib/request.py", line 1317, in do_open
    encode_chunked=req.has_header('Transfer-encoding'))
  File "/Library/Frameworks/Python.framework/Versions/3.7/lib/python3.7/http/client.py", line 1229, in request
    self._send_request(method, url, body, headers, encode_chunked)
  File "/Library/Frameworks/Python.framework/Versions/3.7/lib/python3.7/http/client.py", line 1275, in _send_request
    self.endheaders(body, encode_chunked=encode_chunked)
  File "/Library/Frameworks/Python.framework/Versions/3.7/lib/python3.7/http/client.py", line 1224, in endheaders
    self._send_output(message_body, encode_chunked=encode_chunked)
  File "/Library/Frameworks/Python.framework/Versions/3.7/lib/python3.7/http/client.py", line 1016, in _send_output
    self.send(msg)
  File "/Library/Frameworks/Python.framework/Versions/3.7/lib/python3.7/http/client.py", line 956, in send
    self.connect()
  File "/Library/Frameworks/Python.framework/Versions/3.7/lib/python3.7/http/client.py", line 1392, in connect
    server_hostname=server_hostname)
  File "/Library/Frameworks/Python.framework/Versions/3.7/lib/python3.7/ssl.py", line 412, in wrap_socket
    session=session
  File "/Library/Frameworks/Python.framework/Versions/3.7/lib/python3.7/ssl.py", line 850, in _create
    self.do_handshake()
  File "/Library/Frameworks/Python.framework/Versions/3.7/lib/python3.7/ssl.py", line 1108, in do_handshake
    self._sslobj.do_handshake()
ssl.SSLCertVerificationError: [SSL: CERTIFICATE_VERIFY_FAILED] certificate verify failed: unable to get local issuer certificate (_ssl.c:1045)

During handling of the above exception, another exception occurred:

Traceback (most recent call last):
  File "/Users/winniferjeng/Desktop/Python/Lab4/OpenMovie.py", line 36, in getPoster
    self.posterFileName = urllib.request.urlretrieve(self.posterURL, self.title)
  File "/Library/Frameworks/Python.framework/Versions/3.7/lib/python3.7/urllib/request.py", line 247, in urlretrieve
    with contextlib.closing(urlopen(url, data)) as fp:
  File "/Library/Frameworks/Python.framework/Versions/3.7/lib/python3.7/urllib/request.py", line 222, in urlopen
    return opener.open(url, data, timeout)
  File "/Library/Frameworks/Python.framework/Versions/3.7/lib/python3.7/urllib/request.py", line 525, in open
    response = self._open(req, data)
  File "/Library/Frameworks/Python.framework/Versions/3.7/lib/python3.7/urllib/request.py", line 543, in _open
    '_open', req)
  File "/Library/Frameworks/Python.framework/Versions/3.7/lib/python3.7/urllib/request.py", line 503, in _call_chain
    result = func(*args)
  File "/Library/Frameworks/Python.framework/Versions/3.7/lib/python3.7/urllib/request.py", line 1360, in https_open
    context=self._context, check_hostname=self._check_hostname)
  File "/Library/Frameworks/Python.framework/Versions/3.7/lib/python3.7/urllib/request.py", line 1319, in do_open
    raise URLError(err)
urllib.error.URLError: <urlopen error [SSL: CERTIFICATE_VERIFY_FAILED] certificate verify failed: unable to get local issuer certificate (_ssl.c:1045)>
10/18/2018 10:31:02 PM, the directory Posters already exists
10/18/2018 10:31:02 PM, getPoster() method is called
10/18/2018 10:31:02 PM, Poster's name: Clerks
10/18/2018 10:31:02 PM, Poster's URL https://ia.media-imdb.com/images/M/MV5BNzE1Njk0NmItNDhlMC00ZmFlLWI4ZTUtYTY4ZjgzNjkyMTU1XkEyXkFqcGdeQXVyMTQxNzMzNDI@._V1_SX300.jpg
10/18/2018 10:31:02 PM,None
Traceback (most recent call last):
  File "/Library/Frameworks/Python.framework/Versions/3.7/lib/python3.7/urllib/request.py", line 1317, in do_open
    encode_chunked=req.has_header('Transfer-encoding'))
  File "/Library/Frameworks/Python.framework/Versions/3.7/lib/python3.7/http/client.py", line 1229, in request
    self._send_request(method, url, body, headers, encode_chunked)
  File "/Library/Frameworks/Python.framework/Versions/3.7/lib/python3.7/http/client.py", line 1275, in _send_request
    self.endheaders(body, encode_chunked=encode_chunked)
  File "/Library/Frameworks/Python.framework/Versions/3.7/lib/python3.7/http/client.py", line 1224, in endheaders
    self._send_output(message_body, encode_chunked=encode_chunked)
  File "/Library/Frameworks/Python.framework/Versions/3.7/lib/python3.7/http/client.py", line 1016, in _send_output
    self.send(msg)
  File "/Library/Frameworks/Python.framework/Versions/3.7/lib/python3.7/http/client.py", line 956, in send
    self.connect()
  File "/Library/Frameworks/Python.framework/Versions/3.7/lib/python3.7/http/client.py", line 1392, in connect
    server_hostname=server_hostname)
  File "/Library/Frameworks/Python.framework/Versions/3.7/lib/python3.7/ssl.py", line 412, in wrap_socket
    session=session
  File "/Library/Frameworks/Python.framework/Versions/3.7/lib/python3.7/ssl.py", line 850, in _create
    self.do_handshake()
  File "/Library/Frameworks/Python.framework/Versions/3.7/lib/python3.7/ssl.py", line 1108, in do_handshake
    self._sslobj.do_handshake()
ssl.SSLCertVerificationError: [SSL: CERTIFICATE_VERIFY_FAILED] certificate verify failed: unable to get local issuer certificate (_ssl.c:1045)

During handling of the above exception, another exception occurred:

Traceback (most recent call last):
  File "/Users/winniferjeng/Desktop/Python/Lab4/OpenMovie.py", line 36, in getPoster
    self.posterFileName = urllib.request.urlretrieve(self.posterURL, self.title)
  File "/Library/Frameworks/Python.framework/Versions/3.7/lib/python3.7/urllib/request.py", line 247, in urlretrieve
    with contextlib.closing(urlopen(url, data)) as fp:
  File "/Library/Frameworks/Python.framework/Versions/3.7/lib/python3.7/urllib/request.py", line 222, in urlopen
    return opener.open(url, data, timeout)
  File "/Library/Frameworks/Python.framework/Versions/3.7/lib/python3.7/urllib/request.py", line 525, in open
    response = self._open(req, data)
  File "/Library/Frameworks/Python.framework/Versions/3.7/lib/python3.7/urllib/request.py", line 543, in _open
    '_open', req)
  File "/Library/Frameworks/Python.framework/Versions/3.7/lib/python3.7/urllib/request.py", line 503, in _call_chain
    result = func(*args)
  File "/Library/Frameworks/Python.framework/Versions/3.7/lib/python3.7/urllib/request.py", line 1360, in https_open
    context=self._context, check_hostname=self._check_hostname)
  File "/Library/Frameworks/Python.framework/Versions/3.7/lib/python3.7/urllib/request.py", line 1319, in do_open
    raise URLError(err)
urllib.error.URLError: <urlopen error [SSL: CERTIFICATE_VERIFY_FAILED] certificate verify failed: unable to get local issuer certificate (_ssl.c:1045)>
10/18/2018 10:31:02 PM, the directory Posters already exists
10/18/2018 10:31:02 PM, getPoster() method is called
10/18/2018 10:31:02 PM, Poster's name: Gladiator
10/18/2018 10:31:02 PM, Poster's URL https://images-na.ssl-images-amazon.com/images/M/MV5BMDliMmNhNDEtODUyOS00MjNlLTgxODEtN2U3NzIxMGVkZTA1L2ltYWdlXkEyXkFqcGdeQXVyNjU0OTQ0OTY@._V1_SX300.jpg
10/18/2018 10:31:02 PM,None
Traceback (most recent call last):
  File "/Library/Frameworks/Python.framework/Versions/3.7/lib/python3.7/urllib/request.py", line 1317, in do_open
    encode_chunked=req.has_header('Transfer-encoding'))
  File "/Library/Frameworks/Python.framework/Versions/3.7/lib/python3.7/http/client.py", line 1229, in request
    self._send_request(method, url, body, headers, encode_chunked)
  File "/Library/Frameworks/Python.framework/Versions/3.7/lib/python3.7/http/client.py", line 1275, in _send_request
    self.endheaders(body, encode_chunked=encode_chunked)
  File "/Library/Frameworks/Python.framework/Versions/3.7/lib/python3.7/http/client.py", line 1224, in endheaders
    self._send_output(message_body, encode_chunked=encode_chunked)
  File "/Library/Frameworks/Python.framework/Versions/3.7/lib/python3.7/http/client.py", line 1016, in _send_output
    self.send(msg)
  File "/Library/Frameworks/Python.framework/Versions/3.7/lib/python3.7/http/client.py", line 956, in send
    self.connect()
  File "/Library/Frameworks/Python.framework/Versions/3.7/lib/python3.7/http/client.py", line 1392, in connect
    server_hostname=server_hostname)
  File "/Library/Frameworks/Python.framework/Versions/3.7/lib/python3.7/ssl.py", line 412, in wrap_socket
    session=session
  File "/Library/Frameworks/Python.framework/Versions/3.7/lib/python3.7/ssl.py", line 850, in _create
    self.do_handshake()
  File "/Library/Frameworks/Python.framework/Versions/3.7/lib/python3.7/ssl.py", line 1108, in do_handshake
    self._sslobj.do_handshake()
ssl.SSLCertVerificationError: [SSL: CERTIFICATE_VERIFY_FAILED] certificate verify failed: unable to get local issuer certificate (_ssl.c:1045)

During handling of the above exception, another exception occurred:

Traceback (most recent call last):
  File "/Users/winniferjeng/Desktop/Python/Lab4/OpenMovie.py", line 36, in getPoster
    self.posterFileName = urllib.request.urlretrieve(self.posterURL, self.title)
  File "/Library/Frameworks/Python.framework/Versions/3.7/lib/python3.7/urllib/request.py", line 247, in urlretrieve
    with contextlib.closing(urlopen(url, data)) as fp:
  File "/Library/Frameworks/Python.framework/Versions/3.7/lib/python3.7/urllib/request.py", line 222, in urlopen
    return opener.open(url, data, timeout)
  File "/Library/Frameworks/Python.framework/Versions/3.7/lib/python3.7/urllib/request.py", line 525, in open
    response = self._open(req, data)
  File "/Library/Frameworks/Python.framework/Versions/3.7/lib/python3.7/urllib/request.py", line 543, in _open
    '_open', req)
  File "/Library/Frameworks/Python.framework/Versions/3.7/lib/python3.7/urllib/request.py", line 503, in _call_chain
    result = func(*args)
  File "/Library/Frameworks/Python.framework/Versions/3.7/lib/python3.7/urllib/request.py", line 1360, in https_open
    context=self._context, check_hostname=self._check_hostname)
  File "/Library/Frameworks/Python.framework/Versions/3.7/lib/python3.7/urllib/request.py", line 1319, in do_open
    raise URLError(err)
urllib.error.URLError: <urlopen error [SSL: CERTIFICATE_VERIFY_FAILED] certificate verify failed: unable to get local issuer certificate (_ssl.c:1045)>
10/18/2018 10:31:02 PM, the directory Posters already exists
10/18/2018 10:31:02 PM, getPoster() method is called
10/18/2018 10:31:02 PM, Poster's name: Iron Man
10/18/2018 10:31:02 PM, Poster's URL https://images-na.ssl-images-amazon.com/images/M/MV5BMTczNTI2ODUwOF5BMl5BanBnXkFtZTcwMTU0NTIzMw@@._V1_SX300.jpg
10/18/2018 10:31:02 PM,None
Traceback (most recent call last):
  File "/Library/Frameworks/Python.framework/Versions/3.7/lib/python3.7/urllib/request.py", line 1317, in do_open
    encode_chunked=req.has_header('Transfer-encoding'))
  File "/Library/Frameworks/Python.framework/Versions/3.7/lib/python3.7/http/client.py", line 1229, in request
    self._send_request(method, url, body, headers, encode_chunked)
  File "/Library/Frameworks/Python.framework/Versions/3.7/lib/python3.7/http/client.py", line 1275, in _send_request
    self.endheaders(body, encode_chunked=encode_chunked)
  File "/Library/Frameworks/Python.framework/Versions/3.7/lib/python3.7/http/client.py", line 1224, in endheaders
    self._send_output(message_body, encode_chunked=encode_chunked)
  File "/Library/Frameworks/Python.framework/Versions/3.7/lib/python3.7/http/client.py", line 1016, in _send_output
    self.send(msg)
  File "/Library/Frameworks/Python.framework/Versions/3.7/lib/python3.7/http/client.py", line 956, in send
    self.connect()
  File "/Library/Frameworks/Python.framework/Versions/3.7/lib/python3.7/http/client.py", line 1392, in connect
    server_hostname=server_hostname)
  File "/Library/Frameworks/Python.framework/Versions/3.7/lib/python3.7/ssl.py", line 412, in wrap_socket
    session=session
  File "/Library/Frameworks/Python.framework/Versions/3.7/lib/python3.7/ssl.py", line 850, in _create
    self.do_handshake()
  File "/Library/Frameworks/Python.framework/Versions/3.7/lib/python3.7/ssl.py", line 1108, in do_handshake
    self._sslobj.do_handshake()
ssl.SSLCertVerificationError: [SSL: CERTIFICATE_VERIFY_FAILED] certificate verify failed: unable to get local issuer certificate (_ssl.c:1045)

During handling of the above exception, another exception occurred:

Traceback (most recent call last):
  File "/Users/winniferjeng/Desktop/Python/Lab4/OpenMovie.py", line 36, in getPoster
    self.posterFileName = urllib.request.urlretrieve(self.posterURL, self.title)
  File "/Library/Frameworks/Python.framework/Versions/3.7/lib/python3.7/urllib/request.py", line 247, in urlretrieve
    with contextlib.closing(urlopen(url, data)) as fp:
  File "/Library/Frameworks/Python.framework/Versions/3.7/lib/python3.7/urllib/request.py", line 222, in urlopen
    return opener.open(url, data, timeout)
  File "/Library/Frameworks/Python.framework/Versions/3.7/lib/python3.7/urllib/request.py", line 525, in open
    response = self._open(req, data)
  File "/Library/Frameworks/Python.framework/Versions/3.7/lib/python3.7/urllib/request.py", line 543, in _open
    '_open', req)
  File "/Library/Frameworks/Python.framework/Versions/3.7/lib/python3.7/urllib/request.py", line 503, in _call_chain
    result = func(*args)
  File "/Library/Frameworks/Python.framework/Versions/3.7/lib/python3.7/urllib/request.py", line 1360, in https_open
    context=self._context, check_hostname=self._check_hostname)
  File "/Library/Frameworks/Python.framework/Versions/3.7/lib/python3.7/urllib/request.py", line 1319, in do_open
    raise URLError(err)
urllib.error.URLError: <urlopen error [SSL: CERTIFICATE_VERIFY_FAILED] certificate verify failed: unable to get local issuer certificate (_ssl.c:1045)>
10/18/2018 10:31:32 PM, lab4.log opens. Program starts.
10/18/2018 10:31:32 PM, the directory Posters already exists
10/18/2018 10:31:32 PM, getPoster() method is called
10/18/2018 10:31:32 PM, Poster's name: Avatar
10/18/2018 10:31:32 PM, Poster's URL https://images-na.ssl-images-amazon.com/images/M/MV5BMTYwOTEwNjAzMl5BMl5BanBnXkFtZTcwODc5MTUwMw@@._V1_SX300.jpg
10/18/2018 10:31:32 PM, the directory Posters already exists
10/18/2018 10:31:32 PM, getPoster() method is called
10/18/2018 10:31:32 PM, Poster's name: Clerks
10/18/2018 10:31:32 PM, Poster's URL https://ia.media-imdb.com/images/M/MV5BNzE1Njk0NmItNDhlMC00ZmFlLWI4ZTUtYTY4ZjgzNjkyMTU1XkEyXkFqcGdeQXVyMTQxNzMzNDI@._V1_SX300.jpg
10/18/2018 10:31:32 PM, the directory Posters already exists
10/18/2018 10:31:32 PM, getPoster() method is called
10/18/2018 10:31:32 PM, Poster's name: Gladiator
10/18/2018 10:31:32 PM, Poster's URL https://images-na.ssl-images-amazon.com/images/M/MV5BMDliMmNhNDEtODUyOS00MjNlLTgxODEtN2U3NzIxMGVkZTA1L2ltYWdlXkEyXkFqcGdeQXVyNjU0OTQ0OTY@._V1_SX300.jpg
10/18/2018 10:31:32 PM, the directory Posters already exists
10/18/2018 10:31:32 PM, getPoster() method is called
10/18/2018 10:31:32 PM, Poster's name: Iron Man
10/18/2018 10:31:32 PM, Poster's URL https://images-na.ssl-images-amazon.com/images/M/MV5BMTczNTI2ODUwOF5BMl5BanBnXkFtZTcwMTU0NTIzMw@@._V1_SX300.jpg
10/18/2018 10:31:38 PM, lab4.log opens. Program starts.
10/18/2018 10:31:38 PM, the directory Posters already exists
10/18/2018 10:31:38 PM, getPoster() method is called
10/18/2018 10:31:38 PM, Poster's name: Avatar
10/18/2018 10:31:38 PM, Poster's URL https://images-na.ssl-images-amazon.com/images/M/MV5BMTYwOTEwNjAzMl5BMl5BanBnXkFtZTcwODc5MTUwMw@@._V1_SX300.jpg
10/18/2018 10:31:41 PM, lab4.log opens. Program starts.
10/18/2018 10:31:41 PM, the directory Posters already exists
10/18/2018 10:31:41 PM, getPoster() method is called
10/18/2018 10:31:41 PM, Poster's name: Avatar
10/18/2018 10:31:41 PM, Poster's URL https://images-na.ssl-images-amazon.com/images/M/MV5BMTYwOTEwNjAzMl5BMl5BanBnXkFtZTcwODc5MTUwMw@@._V1_SX300.jpg
10/18/2018 10:31:45 PM, lab4.log opens. Program starts.
10/18/2018 10:31:45 PM, the directory Posters already exists
10/18/2018 10:31:45 PM, getPoster() method is called
10/18/2018 10:31:45 PM, Poster's name: Avatar
10/18/2018 10:31:45 PM, Poster's URL https://images-na.ssl-images-amazon.com/images/M/MV5BMTYwOTEwNjAzMl5BMl5BanBnXkFtZTcwODc5MTUwMw@@._V1_SX300.jpg
10/18/2018 10:31:49 PM, lab4.log opens. Program starts.
10/18/2018 10:31:49 PM, the directory Posters already exists
10/18/2018 10:31:49 PM, getPoster() method is called
10/18/2018 10:31:49 PM, Poster's name: Avatar
10/18/2018 10:31:49 PM, Poster's URL https://images-na.ssl-images-amazon.com/images/M/MV5BMTYwOTEwNjAzMl5BMl5BanBnXkFtZTcwODc5MTUwMw@@._V1_SX300.jpg
10/18/2018 10:31:49 PM, the directory Posters already exists
10/18/2018 10:31:49 PM, getPoster() method is called
10/18/2018 10:31:49 PM, Poster's name: Clerks
10/18/2018 10:31:49 PM, Poster's URL https://ia.media-imdb.com/images/M/MV5BNzE1Njk0NmItNDhlMC00ZmFlLWI4ZTUtYTY4ZjgzNjkyMTU1XkEyXkFqcGdeQXVyMTQxNzMzNDI@._V1_SX300.jpg
10/18/2018 10:31:50 PM, the directory Posters already exists
10/18/2018 10:31:50 PM, getPoster() method is called
10/18/2018 10:31:50 PM, Poster's name: Gladiator
10/18/2018 10:31:50 PM, Poster's URL https://images-na.ssl-images-amazon.com/images/M/MV5BMDliMmNhNDEtODUyOS00MjNlLTgxODEtN2U3NzIxMGVkZTA1L2ltYWdlXkEyXkFqcGdeQXVyNjU0OTQ0OTY@._V1_SX300.jpg
10/18/2018 10:31:50 PM, the directory Posters already exists
10/18/2018 10:31:50 PM, getPoster() method is called
10/18/2018 10:31:50 PM, Poster's name: Iron Man
10/18/2018 10:31:50 PM, Poster's URL https://images-na.ssl-images-amazon.com/images/M/MV5BMTczNTI2ODUwOF5BMl5BanBnXkFtZTcwMTU0NTIzMw@@._V1_SX300.jpg
10/18/2018 10:33:15 PM, lab4.log opens. Program starts.
10/18/2018 10:33:15 PM, the directory Posters already exists
10/18/2018 10:33:15 PM, getPoster() method is called
10/18/2018 10:33:15 PM, Poster's name: Avatar
10/18/2018 10:33:15 PM, Poster's URL https://images-na.ssl-images-amazon.com/images/M/MV5BMTYwOTEwNjAzMl5BMl5BanBnXkFtZTcwODc5MTUwMw@@._V1_SX300.jpg
10/18/2018 10:33:15 PM, the directory Posters already exists
10/18/2018 10:33:15 PM, getPoster() method is called
10/18/2018 10:33:15 PM, Poster's name: Clerks
10/18/2018 10:33:15 PM, Poster's URL https://ia.media-imdb.com/images/M/MV5BNzE1Njk0NmItNDhlMC00ZmFlLWI4ZTUtYTY4ZjgzNjkyMTU1XkEyXkFqcGdeQXVyMTQxNzMzNDI@._V1_SX300.jpg
10/18/2018 10:33:15 PM, the directory Posters already exists
10/18/2018 10:33:15 PM, getPoster() method is called
10/18/2018 10:33:15 PM, Poster's name: Gladiator
10/18/2018 10:33:15 PM, Poster's URL https://images-na.ssl-images-amazon.com/images/M/MV5BMDliMmNhNDEtODUyOS00MjNlLTgxODEtN2U3NzIxMGVkZTA1L2ltYWdlXkEyXkFqcGdeQXVyNjU0OTQ0OTY@._V1_SX300.jpg
10/18/2018 10:33:16 PM, the directory Posters already exists
10/18/2018 10:33:16 PM, getPoster() method is called
10/18/2018 10:33:16 PM, Poster's name: Iron Man
10/18/2018 10:33:16 PM, Poster's URL https://images-na.ssl-images-amazon.com/images/M/MV5BMTczNTI2ODUwOF5BMl5BanBnXkFtZTcwMTU0NTIzMw@@._V1_SX300.jpg
10/18/2018 10:38:12 PM, lab4.log opens. Program starts.
10/18/2018 10:38:12 PM, the directory Posters already exists
10/18/2018 10:38:12 PM, getPoster() method is called
10/18/2018 10:38:12 PM, Poster's name: Avatar
10/18/2018 10:38:12 PM, Poster's URL https://images-na.ssl-images-amazon.com/images/M/MV5BMTYwOTEwNjAzMl5BMl5BanBnXkFtZTcwODc5MTUwMw@@._V1_SX300.jpg
10/18/2018 10:38:12 PM,      poster's name Avatar
10/18/2018 10:38:12 PM, the directory Posters already exists
10/18/2018 10:38:12 PM, getPoster() method is called
10/18/2018 10:38:12 PM, Poster's name: Clerks
10/18/2018 10:38:12 PM, Poster's URL https://ia.media-imdb.com/images/M/MV5BNzE1Njk0NmItNDhlMC00ZmFlLWI4ZTUtYTY4ZjgzNjkyMTU1XkEyXkFqcGdeQXVyMTQxNzMzNDI@._V1_SX300.jpg
10/18/2018 10:38:12 PM,      poster's name Clerks
10/18/2018 10:38:12 PM, the directory Posters already exists
10/18/2018 10:38:12 PM, getPoster() method is called
10/18/2018 10:38:12 PM, Poster's name: Gladiator
10/18/2018 10:38:12 PM, Poster's URL https://images-na.ssl-images-amazon.com/images/M/MV5BMDliMmNhNDEtODUyOS00MjNlLTgxODEtN2U3NzIxMGVkZTA1L2ltYWdlXkEyXkFqcGdeQXVyNjU0OTQ0OTY@._V1_SX300.jpg
10/18/2018 10:38:12 PM,      poster's name Gladiator
10/18/2018 10:38:12 PM, the directory Posters already exists
10/18/2018 10:38:12 PM, getPoster() method is called
10/18/2018 10:38:12 PM, Poster's name: Iron Man
10/18/2018 10:38:12 PM, Poster's URL https://images-na.ssl-images-amazon.com/images/M/MV5BMTczNTI2ODUwOF5BMl5BanBnXkFtZTcwMTU0NTIzMw@@._V1_SX300.jpg
10/18/2018 10:38:12 PM,      poster's name Iron_Man
10/18/2018 10:41:23 PM, lab4.log opens. Program starts.
10/18/2018 10:41:23 PM, the directory Posters already exists
10/18/2018 10:41:23 PM, getPoster() method is called
10/18/2018 10:41:23 PM, Poster's name: Avatar
10/18/2018 10:41:23 PM, Poster's URL https://images-na.ssl-images-amazon.com/images/M/MV5BMTYwOTEwNjAzMl5BMl5BanBnXkFtZTcwODc5MTUwMw@@._V1_SX300.jpg
10/18/2018 10:41:23 PM,      poster's name Avatar
10/18/2018 10:41:23 PM, the directory Posters already exists
10/18/2018 10:41:23 PM, getPoster() method is called
10/18/2018 10:41:23 PM, Poster's name: Clerks
10/18/2018 10:41:23 PM, Poster's URL https://ia.media-imdb.com/images/M/MV5BNzE1Njk0NmItNDhlMC00ZmFlLWI4ZTUtYTY4ZjgzNjkyMTU1XkEyXkFqcGdeQXVyMTQxNzMzNDI@._V1_SX300.jpg
10/18/2018 10:41:23 PM,      poster's name Clerks
10/18/2018 10:41:23 PM, the directory Posters already exists
10/18/2018 10:41:23 PM, getPoster() method is called
10/18/2018 10:41:23 PM, Poster's name: Gladiator
10/18/2018 10:41:23 PM, Poster's URL https://images-na.ssl-images-amazon.com/images/M/MV5BMDliMmNhNDEtODUyOS00MjNlLTgxODEtN2U3NzIxMGVkZTA1L2ltYWdlXkEyXkFqcGdeQXVyNjU0OTQ0OTY@._V1_SX300.jpg
10/18/2018 10:41:23 PM,      poster's name Gladiator
10/18/2018 10:41:23 PM, the directory Posters already exists
10/18/2018 10:41:23 PM, getPoster() method is called
10/18/2018 10:41:23 PM, Poster's name: Iron Man
10/18/2018 10:41:23 PM, Poster's URL https://images-na.ssl-images-amazon.com/images/M/MV5BMTczNTI2ODUwOF5BMl5BanBnXkFtZTcwMTU0NTIzMw@@._V1_SX300.jpg
10/18/2018 10:41:23 PM,      poster's name Iron Man
10/18/2018 10:42:18 PM, lab4.log opens. Program starts.
10/18/2018 10:42:18 PM, the directory Posters already exists
10/18/2018 10:42:18 PM, getPoster() method is called
10/18/2018 10:42:18 PM, Poster's name: Avatar
10/18/2018 10:42:18 PM, Poster's URL https://images-na.ssl-images-amazon.com/images/M/MV5BMTYwOTEwNjAzMl5BMl5BanBnXkFtZTcwODc5MTUwMw@@._V1_SX300.jpg
10/18/2018 10:42:18 PM,      poster's name Avatar
10/18/2018 10:42:18 PM, the directory Posters already exists
10/18/2018 10:42:18 PM, getPoster() method is called
10/18/2018 10:42:18 PM, Poster's name: Clerks
10/18/2018 10:42:18 PM, Poster's URL https://ia.media-imdb.com/images/M/MV5BNzE1Njk0NmItNDhlMC00ZmFlLWI4ZTUtYTY4ZjgzNjkyMTU1XkEyXkFqcGdeQXVyMTQxNzMzNDI@._V1_SX300.jpg
10/18/2018 10:42:18 PM,      poster's name Clerks
10/18/2018 10:42:18 PM, the directory Posters already exists
10/18/2018 10:42:18 PM, getPoster() method is called
10/18/2018 10:42:18 PM, Poster's name: Gladiator
10/18/2018 10:42:18 PM, Poster's URL https://images-na.ssl-images-amazon.com/images/M/MV5BMDliMmNhNDEtODUyOS00MjNlLTgxODEtN2U3NzIxMGVkZTA1L2ltYWdlXkEyXkFqcGdeQXVyNjU0OTQ0OTY@._V1_SX300.jpg
10/18/2018 10:42:18 PM,      poster's name Gladiator
10/18/2018 10:42:18 PM, the directory Posters already exists
10/18/2018 10:42:18 PM, getPoster() method is called
10/18/2018 10:42:18 PM, Poster's name: Iron Man
10/18/2018 10:42:18 PM, Poster's URL https://images-na.ssl-images-amazon.com/images/M/MV5BMTczNTI2ODUwOF5BMl5BanBnXkFtZTcwMTU0NTIzMw@@._V1_SX300.jpg
10/18/2018 10:42:18 PM,      poster's name Iron_Man
10/18/2018 10:44:23 PM, lab4.log opens. Program starts.
10/18/2018 10:44:23 PM, the directory Posters already exists
10/18/2018 10:44:23 PM, getPoster() method is called
10/18/2018 10:44:23 PM, Poster's name: Avatar
10/18/2018 10:44:23 PM, Poster's URL https://images-na.ssl-images-amazon.com/images/M/MV5BMTYwOTEwNjAzMl5BMl5BanBnXkFtZTcwODc5MTUwMw@@._V1_SX300.jpg
10/18/2018 10:44:23 PM,      poster's name Posters/Avatar
10/18/2018 10:44:23 PM, the directory Posters already exists
10/18/2018 10:44:23 PM, getPoster() method is called
10/18/2018 10:44:23 PM, Poster's name: Clerks
10/18/2018 10:44:23 PM, Poster's URL https://ia.media-imdb.com/images/M/MV5BNzE1Njk0NmItNDhlMC00ZmFlLWI4ZTUtYTY4ZjgzNjkyMTU1XkEyXkFqcGdeQXVyMTQxNzMzNDI@._V1_SX300.jpg
10/18/2018 10:44:23 PM,      poster's name Posters/Clerks
10/18/2018 10:44:23 PM, the directory Posters already exists
10/18/2018 10:44:23 PM, getPoster() method is called
10/18/2018 10:44:23 PM, Poster's name: Gladiator
10/18/2018 10:44:23 PM, Poster's URL https://images-na.ssl-images-amazon.com/images/M/MV5BMDliMmNhNDEtODUyOS00MjNlLTgxODEtN2U3NzIxMGVkZTA1L2ltYWdlXkEyXkFqcGdeQXVyNjU0OTQ0OTY@._V1_SX300.jpg
10/18/2018 10:44:23 PM,      poster's name Posters/Gladiator
10/18/2018 10:44:23 PM, the directory Posters already exists
10/18/2018 10:44:23 PM, getPoster() method is called
10/18/2018 10:44:23 PM, Poster's name: Iron Man
10/18/2018 10:44:23 PM, Poster's URL https://images-na.ssl-images-amazon.com/images/M/MV5BMTczNTI2ODUwOF5BMl5BanBnXkFtZTcwMTU0NTIzMw@@._V1_SX300.jpg
10/18/2018 10:44:23 PM,      poster's name Posters/Iron_Man
10/18/2018 10:50:17 PM, lab4.log opens. Program starts.
10/18/2018 10:50:17 PM, the directory Posters already exists
10/18/2018 10:50:17 PM, getPoster() method is called
10/18/2018 10:50:17 PM, Poster's name: Avatar
10/18/2018 10:50:17 PM, Poster's URL https://images-na.ssl-images-amazon.com/images/M/MV5BMTYwOTEwNjAzMl5BMl5BanBnXkFtZTcwODc5MTUwMw@@._V1_SX300.jpg
10/18/2018 10:50:17 PM,      poster's name Posters/Avatar
10/18/2018 10:50:17 PM, the directory Posters already exists
10/18/2018 10:50:17 PM, getPoster() method is called
10/18/2018 10:50:17 PM, Poster's name: Clerks
10/18/2018 10:50:17 PM, Poster's URL https://ia.media-imdb.com/images/M/MV5BNzE1Njk0NmItNDhlMC00ZmFlLWI4ZTUtYTY4ZjgzNjkyMTU1XkEyXkFqcGdeQXVyMTQxNzMzNDI@._V1_SX300.jpg
10/18/2018 10:50:17 PM,      poster's name Posters/Clerks
10/18/2018 10:50:17 PM, the directory Posters already exists
10/18/2018 10:50:17 PM, getPoster() method is called
10/18/2018 10:50:17 PM, Poster's name: Gladiator
10/18/2018 10:50:17 PM, Poster's URL https://images-na.ssl-images-amazon.com/images/M/MV5BMDliMmNhNDEtODUyOS00MjNlLTgxODEtN2U3NzIxMGVkZTA1L2ltYWdlXkEyXkFqcGdeQXVyNjU0OTQ0OTY@._V1_SX300.jpg
10/18/2018 10:50:18 PM,      poster's name Posters/Gladiator
10/18/2018 10:50:18 PM, the directory Posters already exists
10/18/2018 10:50:18 PM, getPoster() method is called
10/18/2018 10:50:18 PM, Poster's name: Iron Man
10/18/2018 10:50:18 PM, Poster's URL https://images-na.ssl-images-amazon.com/images/M/MV5BMTczNTI2ODUwOF5BMl5BanBnXkFtZTcwMTU0NTIzMw@@._V1_SX300.jpg
10/18/2018 10:50:18 PM,      poster's name Posters/Iron_Man
10/18/2018 11:19:13 PM, lab4.log opens. Program starts.
10/18/2018 11:19:13 PM, the directory Posters already exists
10/18/2018 11:19:13 PM, getPoster() method is called
10/18/2018 11:19:13 PM, Poster's name: Avatar
10/18/2018 11:19:13 PM, Poster's URL https://images-na.ssl-images-amazon.com/images/M/MV5BMTYwOTEwNjAzMl5BMl5BanBnXkFtZTcwODc5MTUwMw@@._V1_SX300.jpg
10/18/2018 11:19:14 PM, the directory Posters already exists
10/18/2018 11:19:14 PM, getPoster() method is called
10/18/2018 11:19:14 PM, Poster's name: Clerks
10/18/2018 11:19:14 PM, Poster's URL https://ia.media-imdb.com/images/M/MV5BNzE1Njk0NmItNDhlMC00ZmFlLWI4ZTUtYTY4ZjgzNjkyMTU1XkEyXkFqcGdeQXVyMTQxNzMzNDI@._V1_SX300.jpg
10/18/2018 11:19:14 PM, the directory Posters already exists
10/18/2018 11:19:14 PM, getPoster() method is called
10/18/2018 11:19:14 PM, Poster's name: Gladiator
10/18/2018 11:19:14 PM, Poster's URL https://images-na.ssl-images-amazon.com/images/M/MV5BMDliMmNhNDEtODUyOS00MjNlLTgxODEtN2U3NzIxMGVkZTA1L2ltYWdlXkEyXkFqcGdeQXVyNjU0OTQ0OTY@._V1_SX300.jpg
10/18/2018 11:19:14 PM, the directory Posters already exists
10/18/2018 11:19:14 PM, getPoster() method is called
10/18/2018 11:19:14 PM, Poster's name: Iron Man
10/18/2018 11:19:14 PM, Poster's URL https://images-na.ssl-images-amazon.com/images/M/MV5BMTczNTI2ODUwOF5BMl5BanBnXkFtZTcwMTU0NTIzMw@@._V1_SX300.jpg
10/18/2018 11:22:54 PM, lab4.log opens. Program starts.
10/18/2018 11:22:54 PM, getPoster() method is called
10/18/2018 11:22:54 PM, Poster's name: Avatar
10/18/2018 11:22:54 PM, Poster's URL https://images-na.ssl-images-amazon.com/images/M/MV5BMTYwOTEwNjAzMl5BMl5BanBnXkFtZTcwODc5MTUwMw@@._V1_SX300.jpg
10/18/2018 11:22:54 PM, the directory Posters already exists
10/18/2018 11:22:54 PM, getPoster() method is called
10/18/2018 11:22:54 PM, Poster's name: Clerks
10/18/2018 11:22:54 PM, Poster's URL https://ia.media-imdb.com/images/M/MV5BNzE1Njk0NmItNDhlMC00ZmFlLWI4ZTUtYTY4ZjgzNjkyMTU1XkEyXkFqcGdeQXVyMTQxNzMzNDI@._V1_SX300.jpg
10/18/2018 11:22:54 PM, the directory Posters already exists
10/18/2018 11:22:54 PM, getPoster() method is called
10/18/2018 11:22:54 PM, Poster's name: Gladiator
10/18/2018 11:22:54 PM, Poster's URL https://images-na.ssl-images-amazon.com/images/M/MV5BMDliMmNhNDEtODUyOS00MjNlLTgxODEtN2U3NzIxMGVkZTA1L2ltYWdlXkEyXkFqcGdeQXVyNjU0OTQ0OTY@._V1_SX300.jpg
10/18/2018 11:22:54 PM, the directory Posters already exists
10/18/2018 11:22:54 PM, getPoster() method is called
10/18/2018 11:22:54 PM, Poster's name: Iron Man
10/18/2018 11:22:54 PM, Poster's URL https://images-na.ssl-images-amazon.com/images/M/MV5BMTczNTI2ODUwOF5BMl5BanBnXkFtZTcwMTU0NTIzMw@@._V1_SX300.jpg
